<?xml version="1.0" encoding="UTF-8"?>
<testsuite xmlns:xsi="http://www.w3.org/2001/XMLSchema-instance" xsi:noNamespaceSchemaLocation="https://maven.apache.org/surefire/maven-surefire-plugin/xsd/surefire-test-report-3.0.xsd" version="3.0" name="com.firstSpring.dao.order.CartDaoImplTest" time="1.92" tests="9" errors="0" skipped="0" failures="0">
  <properties>
[...]
</properties>
  <testcase name="deleteCartItem" classname="com.firstSpring.dao.order.CartDaoImplTest" time="0.005">
    <system-out><![CDATA[INFO : org.springframework.test.context.support.DefaultTestContextBootstrapper - Loaded default TestExecutionListener class names from location [META-INF/spring.factories]: [org.springframework.test.context.web.ServletTestExecutionListener, org.springframework.test.context.support.DirtiesContextBeforeModesTestExecutionListener, org.springframework.test.context.support.DependencyInjectionTestExecutionListener, org.springframework.test.context.support.DirtiesContextTestExecutionListener, org.springframework.test.context.transaction.TransactionalTestExecutionListener, org.springframework.test.context.jdbc.SqlScriptsTestExecutionListener]
INFO : org.springframework.test.context.support.DefaultTestContextBootstrapper - Using TestExecutionListeners: [org.springframework.test.context.web.ServletTestExecutionListener@1ffaf86, org.springframework.test.context.support.DirtiesContextBeforeModesTestExecutionListener@6574a52c, org.springframework.test.context.support.DependencyInjectionTestExecutionListener@6c1a5b54, org.springframework.test.context.support.DirtiesContextTestExecutionListener@1c7696c6, org.springframework.test.context.transaction.TransactionalTestExecutionListener@60099951, org.springframework.test.context.jdbc.SqlScriptsTestExecutionListener@20140db9]
INFO : org.springframework.beans.factory.xml.XmlBeanDefinitionReader - Loading XML bean definitions from URL [file:src/main/webapp/WEB-INF/spring/root-context.xml]
INFO : org.springframework.context.support.GenericApplicationContext - Refreshing org.springframework.context.support.GenericApplicationContext@2cb4893b: startup date [Sat Aug 17 10:28:23 KST 2024]; root of context hierarchy
INFO : org.springframework.beans.factory.annotation.AutowiredAnnotationBeanPostProcessor - JSR-330 'javax.inject.Inject' annotation found and supported for autowiring
INFO : org.springframework.jdbc.datasource.DriverManagerDataSource - Loaded JDBC driver: com.mysql.cj.jdbc.Driver
]]></system-out>
  </testcase>
  <testcase name="updateQty" classname="com.firstSpring.dao.order.CartDaoImplTest" time="0.0"/>
  <testcase name="selectQty" classname="com.firstSpring.dao.order.CartDaoImplTest" time="0.0"/>
  <testcase name="selectCart" classname="com.firstSpring.dao.order.CartDaoImplTest" time="0.0"/>
  <testcase name="selectCartItem" classname="com.firstSpring.dao.order.CartDaoImplTest" time="0.0"/>
  <testcase name="insertCart" classname="com.firstSpring.dao.order.CartDaoImplTest" time="0.0"/>
  <testcase name="insertCartItem" classname="com.firstSpring.dao.order.CartDaoImplTest" time="0.0"/>
  <testcase name="selectCartNo" classname="com.firstSpring.dao.order.CartDaoImplTest" time="0.218">
    <system-out><![CDATA[cartDao = com.firstSpring.dao.order.CartDaoImpl@6093d508
cart_no = 1
]]></system-out>
  </testcase>
  <testcase name="deleteCart" classname="com.firstSpring.dao.order.CartDaoImplTest" time="0.0"/>
</testsuite>