<?xml version="1.0" encoding="UTF-8"?>
<testsuite xmlns:xsi="http://www.w3.org/2001/XMLSchema-instance" xsi:noNamespaceSchemaLocation="https://maven.apache.org/surefire/maven-surefire-plugin/xsd/surefire-test-report-3.0.xsd" version="3.0" name="com.firstSpring.dao.order.OrderDaoImplTest" time="0.063" tests="11" errors="0" skipped="0" failures="1">
  <properties>
[...]
</properties>
  <testcase name="selectItem" classname="com.firstSpring.dao.order.OrderDaoImplTest" time="0.0">
    <system-out><![CDATA[INFO : org.springframework.test.context.support.DefaultTestContextBootstrapper - Loaded default TestExecutionListener class names from location [META-INF/spring.factories]: [org.springframework.test.context.web.ServletTestExecutionListener, org.springframework.test.context.support.DirtiesContextBeforeModesTestExecutionListener, org.springframework.test.context.support.DependencyInjectionTestExecutionListener, org.springframework.test.context.support.DirtiesContextTestExecutionListener, org.springframework.test.context.transaction.TransactionalTestExecutionListener, org.springframework.test.context.jdbc.SqlScriptsTestExecutionListener]
INFO : org.springframework.test.context.support.DefaultTestContextBootstrapper - Using TestExecutionListeners: [org.springframework.test.context.web.ServletTestExecutionListener@327ed9f5, org.springframework.test.context.support.DirtiesContextBeforeModesTestExecutionListener@67594471, org.springframework.test.context.support.DependencyInjectionTestExecutionListener@756b58a7, org.springframework.test.context.support.DirtiesContextTestExecutionListener@2cc04358, org.springframework.test.context.transaction.TransactionalTestExecutionListener@68b58644, org.springframework.test.context.jdbc.SqlScriptsTestExecutionListener@45e22def]
]]></system-out>
  </testcase>
  <testcase name="cancelOrder" classname="com.firstSpring.dao.order.OrderDaoImplTest" time="0.0"/>
  <testcase name="countOrder" classname="com.firstSpring.dao.order.OrderDaoImplTest" time="0.0"/>
  <testcase name="selectOrderPage" classname="com.firstSpring.dao.order.OrderDaoImplTest" time="0.0"/>
  <testcase name="insertOrder" classname="com.firstSpring.dao.order.OrderDaoImplTest" time="0.0"/>
  <testcase name="selectProdName" classname="com.firstSpring.dao.order.OrderDaoImplTest" time="0.011">
    <system-out><![CDATA[orderDao = com.firstSpring.dao.order.OrderDaoImpl@d48673
prodName = 스몰 클래식 N 볼캡
]]></system-out>
  </testcase>
  <testcase name="selectOrder" classname="com.firstSpring.dao.order.OrderDaoImplTest" time="0.046">
    <failure type="java.lang.AssertionError"><![CDATA[java.lang.AssertionError
	at org.junit.Assert.fail(Assert.java:86)
	at org.junit.Assert.assertTrue(Assert.java:41)
	at org.junit.Assert.assertTrue(Assert.java:52)
	at com.firstSpring.dao.order.OrderDaoImplTest.selectOrder(OrderDaoImplTest.java:61)
	at java.base/jdk.internal.reflect.NativeMethodAccessorImpl.invoke0(Native Method)
	at java.base/jdk.internal.reflect.NativeMethodAccessorImpl.invoke(NativeMethodAccessorImpl.java:62)
	at java.base/jdk.internal.reflect.DelegatingMethodAccessorImpl.invoke(DelegatingMethodAccessorImpl.java:43)
	at java.base/java.lang.reflect.Method.invoke(Method.java:566)
	at org.junit.runners.model.FrameworkMethod$1.runReflectiveCall(FrameworkMethod.java:50)
	at org.junit.internal.runners.model.ReflectiveCallable.run(ReflectiveCallable.java:12)
	at org.junit.runners.model.FrameworkMethod.invokeExplosively(FrameworkMethod.java:47)
	at org.junit.internal.runners.statements.InvokeMethod.evaluate(InvokeMethod.java:17)
	at org.springframework.test.context.junit4.statements.RunBeforeTestExecutionCallbacks.evaluate(RunBeforeTestExecutionCallbacks.java:73)
	at org.springframework.test.context.junit4.statements.RunAfterTestExecutionCallbacks.evaluate(RunAfterTestExecutionCallbacks.java:83)
	at org.springframework.test.context.junit4.statements.RunBeforeTestMethodCallbacks.evaluate(RunBeforeTestMethodCallbacks.java:75)
	at org.springframework.test.context.junit4.statements.RunAfterTestMethodCallbacks.evaluate(RunAfterTestMethodCallbacks.java:86)
	at org.springframework.test.context.junit4.statements.SpringRepeat.evaluate(SpringRepeat.java:84)
	at org.junit.runners.ParentRunner.runLeaf(ParentRunner.java:325)
	at org.springframework.test.context.junit4.SpringJUnit4ClassRunner.runChild(SpringJUnit4ClassRunner.java:251)
	at org.springframework.test.context.junit4.SpringJUnit4ClassRunner.runChild(SpringJUnit4ClassRunner.java:97)
	at org.junit.runners.ParentRunner$3.run(ParentRunner.java:290)
	at org.junit.runners.ParentRunner$1.schedule(ParentRunner.java:71)
	at org.junit.runners.ParentRunner.runChildren(ParentRunner.java:288)
	at org.junit.runners.ParentRunner.access$000(ParentRunner.java:58)
	at org.junit.runners.ParentRunner$2.evaluate(ParentRunner.java:268)
	at org.springframework.test.context.junit4.statements.RunBeforeTestClassCallbacks.evaluate(RunBeforeTestClassCallbacks.java:61)
	at org.springframework.test.context.junit4.statements.RunAfterTestClassCallbacks.evaluate(RunAfterTestClassCallbacks.java:70)
	at org.junit.runners.ParentRunner.run(ParentRunner.java:363)
	at org.springframework.test.context.junit4.SpringJUnit4ClassRunner.run(SpringJUnit4ClassRunner.java:190)
	at org.apache.maven.surefire.junit4.JUnit4Provider.execute(JUnit4Provider.java:316)
	at org.apache.maven.surefire.junit4.JUnit4Provider.executeWithRerun(JUnit4Provider.java:240)
	at org.apache.maven.surefire.junit4.JUnit4Provider.executeTestSet(JUnit4Provider.java:214)
	at org.apache.maven.surefire.junit4.JUnit4Provider.invoke(JUnit4Provider.java:155)
	at org.apache.maven.surefire.booter.ForkedBooter.runSuitesInProcess(ForkedBooter.java:385)
	at org.apache.maven.surefire.booter.ForkedBooter.execute(ForkedBooter.java:162)
	at org.apache.maven.surefire.booter.ForkedBooter.run(ForkedBooter.java:507)
	at org.apache.maven.surefire.booter.ForkedBooter.main(ForkedBooter.java:495)
]]></failure>
    <system-out><![CDATA[orderDto = OrderDto{ord_no=32, cust_id='asdf', ord_st_cd='O', ord_dt=2024-08-16T18:19:11, cnl_dt=null, frst_reg_dt=2024-08-16T18:19:11, frst_reg_id='asdf', last_mod_dt=2024-08-16T18:19:11, last_mod_id='asdf'}
]]></system-out>
  </testcase>
  <testcase name="selectPrice" classname="com.firstSpring.dao.order.OrderDaoImplTest" time="0.0"/>
  <testcase name="decreaseInvAmt" classname="com.firstSpring.dao.order.OrderDaoImplTest" time="0.0"/>
  <testcase name="insertItem" classname="com.firstSpring.dao.order.OrderDaoImplTest" time="0.0"/>
  <testcase name="increaseInvAmnt" classname="com.firstSpring.dao.order.OrderDaoImplTest" time="0.0"/>
</testsuite>