<?xml version="1.0" encoding="UTF-8"?>
<testsuite xmlns:xsi="http://www.w3.org/2001/XMLSchema-instance" xsi:noNamespaceSchemaLocation="https://maven.apache.org/surefire/maven-surefire-plugin/xsd/surefire-test-report-3.0.xsd" version="3.0" name="com.firstSpring.entity.PageHandlerTest" time="0.021" tests="3" errors="0" skipped="0" failures="0">
  <properties>
[...]
</properties>
  <testcase name="test" classname="com.firstSpring.entity.PageHandlerTest" time="0.012">
    <system-out><![CDATA[page = 1
1 2 3 4 5 6 7 8 9 10  [NEXT]
ph = PageHandler{navSize=10, totalCnt=250, page =1, pageSize =5, totalPage=50, beginPage=1, endPage=10, prevPage=false, nextPage=true}
]]></system-out>
  </testcase>
  <testcase name="test2" classname="com.firstSpring.entity.PageHandlerTest" time="0.005">
    <system-out><![CDATA[page = 11
[PREV] 11 12 13 14 15 16 17 18 19 20  [NEXT]
ph = PageHandler{navSize=10, totalCnt=250, page =11, pageSize =5, totalPage=50, beginPage=11, endPage=20, prevPage=true, nextPage=true}
]]></system-out>
  </testcase>
  <testcase name="test3" classname="com.firstSpring.entity.PageHandlerTest" time="0.002">
    <system-out><![CDATA[page = 48
[PREV] 41 42 43 44 45 46 47 48 49 
ph = PageHandler{navSize=10, totalCnt=244, page =48, pageSize =5, totalPage=49, beginPage=41, endPage=49, prevPage=true, nextPage=false}
]]></system-out>
  </testcase>
</testsuite>